{"level":"info","time":"2023-11-05T11:02:06+03:00","message":"start server"}
{"level":"warn","time":"2023-11-05T11:02:06+03:00","message":"start daemon"}
{"level":"debug","time":"2023-11-05T11:02:09+03:00","message":"Send allert with message: Session with pid=476 is connected more than 15 minutes"}
{"level":"debug","time":"2023-11-05T11:02:09+03:00","message":"Send allert with message: Session with pid=5097 is connected more than 15 minutes"}
{"level":"warn","time":"2023-11-05T11:02:09+03:00","message":"cannot marshal daemon message"}
{"level":"info","time":"2023-11-05T11:02:09+03:00"}
{"level":"warn","time":"2023-11-05T11:02:15+03:00","message":"cannot marshal daemon message"}
{"level":"info","time":"2023-11-05T11:02:15+03:00"}
{"level":"warn","time":"2023-11-05T11:02:21+03:00","message":"cannot marshal daemon message"}
{"level":"info","time":"2023-11-05T11:02:21+03:00"}
{"level":"warn","time":"2023-11-05T11:02:26+03:00","message":"cannot marshal daemon message"}
{"level":"info","time":"2023-11-05T11:02:26+03:00"}
{"level":"warn","time":"2023-11-05T11:02:31+03:00","message":"cannot marshal daemon message"}
{"level":"info","time":"2023-11-05T11:02:31+03:00"}
{"level":"warn","time":"2023-11-05T11:02:36+03:00","message":"cannot marshal daemon message"}
{"level":"info","time":"2023-11-05T11:02:36+03:00"}
{"level":"warn","time":"2023-11-05T11:02:42+03:00","message":"cannot marshal daemon message"}
{"level":"info","time":"2023-11-05T11:02:42+03:00"}
{"level":"warn","time":"2023-11-05T11:02:47+03:00","message":"cannot marshal daemon message"}
{"level":"info","time":"2023-11-05T11:02:47+03:00"}
{"level":"warn","time":"2023-11-05T11:02:52+03:00","message":"cannot marshal daemon message"}
{"level":"info","time":"2023-11-05T11:02:52+03:00"}
{"level":"warn","time":"2023-11-05T11:02:57+03:00","message":"cannot marshal daemon message"}
{"level":"info","time":"2023-11-05T11:02:57+03:00"}
{"level":"warn","time":"2023-11-05T11:03:03+03:00","message":"cannot marshal daemon message"}
{"level":"info","time":"2023-11-05T11:03:03+03:00"}
{"level":"warn","time":"2023-11-05T11:03:08+03:00","message":"cannot marshal daemon message"}
{"level":"info","time":"2023-11-05T11:03:08+03:00"}
{"level":"warn","time":"2023-11-05T11:03:13+03:00","message":"cannot marshal daemon message"}
{"level":"info","time":"2023-11-05T11:03:13+03:00"}
{"level":"warn","time":"2023-11-05T11:03:19+03:00","message":"cannot marshal daemon message"}
{"level":"info","time":"2023-11-05T11:03:19+03:00"}
{"level":"warn","time":"2023-11-05T11:03:24+03:00","message":"cannot marshal daemon message"}
{"level":"info","time":"2023-11-05T11:03:24+03:00"}
{"level":"warn","time":"2023-11-05T11:03:29+03:00","message":"cannot marshal daemon message"}
{"level":"info","time":"2023-11-05T11:03:29+03:00"}
{"level":"warn","time":"2023-11-05T11:03:35+03:00","message":"cannot marshal daemon message"}
{"level":"info","time":"2023-11-05T11:03:35+03:00"}
{"level":"warn","time":"2023-11-05T11:03:40+03:00","message":"cannot marshal daemon message"}
{"level":"info","time":"2023-11-05T11:03:40+03:00"}
{"level":"warn","time":"2023-11-05T11:03:45+03:00","message":"cannot marshal daemon message"}
{"level":"info","time":"2023-11-05T11:03:45+03:00"}
{"level":"warn","time":"2023-11-05T11:03:50+03:00","message":"cannot marshal daemon message"}
{"level":"info","time":"2023-11-05T11:03:50+03:00"}
{"level":"warn","time":"2023-11-05T11:03:56+03:00","message":"cannot marshal daemon message"}
{"level":"info","time":"2023-11-05T11:03:56+03:00"}
{"level":"warn","time":"2023-11-05T11:04:01+03:00","message":"cannot marshal daemon message"}
{"level":"info","time":"2023-11-05T11:04:01+03:00"}
{"level":"warn","time":"2023-11-05T11:04:06+03:00","message":"cannot marshal daemon message"}
{"level":"info","time":"2023-11-05T11:04:06+03:00"}
{"level":"warn","time":"2023-11-05T11:04:11+03:00","message":"cannot marshal daemon message"}
{"level":"info","time":"2023-11-05T11:04:11+03:00"}
{"level":"warn","time":"2023-11-05T11:04:16+03:00","message":"cannot marshal daemon message"}
{"level":"info","time":"2023-11-05T11:04:16+03:00"}
{"level":"warn","time":"2023-11-05T11:04:22+03:00","message":"cannot marshal daemon message"}
{"level":"info","time":"2023-11-05T11:04:22+03:00"}
{"level":"warn","time":"2023-11-05T11:04:27+03:00","message":"cannot marshal daemon message"}
{"level":"info","time":"2023-11-05T11:04:27+03:00"}
{"level":"warn","time":"2023-11-05T11:04:32+03:00","message":"cannot marshal daemon message"}
{"level":"info","time":"2023-11-05T11:04:32+03:00"}
{"level":"warn","time":"2023-11-05T11:04:37+03:00","message":"cannot marshal daemon message"}
{"level":"info","time":"2023-11-05T11:04:37+03:00"}
{"level":"warn","time":"2023-11-05T11:04:43+03:00","message":"cannot marshal daemon message"}
{"level":"info","time":"2023-11-05T11:04:43+03:00"}
{"level":"warn","time":"2023-11-05T11:04:48+03:00","message":"cannot marshal daemon message"}
{"level":"info","time":"2023-11-05T11:04:48+03:00"}
{"level":"warn","time":"2023-11-05T11:04:54+03:00","message":"cannot marshal daemon message"}
{"level":"info","time":"2023-11-05T11:04:54+03:00"}
{"level":"warn","time":"2023-11-05T11:04:59+03:00","message":"cannot marshal daemon message"}
{"level":"info","time":"2023-11-05T11:04:59+03:00"}
{"level":"warn","time":"2023-11-05T11:05:04+03:00","message":"cannot marshal daemon message"}
{"level":"info","time":"2023-11-05T11:05:04+03:00"}
{"level":"warn","time":"2023-11-05T11:05:09+03:00","message":"cannot marshal daemon message"}
{"level":"info","time":"2023-11-05T11:05:09+03:00"}
{"level":"warn","time":"2023-11-05T11:05:15+03:00","message":"cannot marshal daemon message"}
{"level":"info","time":"2023-11-05T11:05:15+03:00"}
{"level":"warn","time":"2023-11-05T11:05:20+03:00","message":"cannot marshal daemon message"}
{"level":"info","time":"2023-11-05T11:05:20+03:00"}
{"level":"warn","time":"2023-11-05T11:05:26+03:00","message":"cannot marshal daemon message"}
{"level":"info","time":"2023-11-05T11:05:26+03:00"}
{"level":"warn","time":"2023-11-05T11:05:31+03:00","message":"cannot marshal daemon message"}
{"level":"info","time":"2023-11-05T11:05:31+03:00"}
{"level":"warn","time":"2023-11-05T11:05:37+03:00","message":"cannot marshal daemon message"}
{"level":"info","time":"2023-11-05T11:05:37+03:00"}
{"level":"warn","time":"2023-11-05T11:05:42+03:00","message":"cannot marshal daemon message"}
{"level":"info","time":"2023-11-05T11:05:42+03:00"}
