{"level":"info","time":"2023-11-05T10:01:37+03:00","message":"start server"}
{"level":"warn","time":"2023-11-05T10:01:37+03:00","message":"start daemon"}
{"level":"debug","time":"2023-11-05T10:01:40+03:00","message":"Send allert with message: Session with pid=476 is connected more than 15 minutes"}
{"level":"warn","time":"2023-11-05T10:01:40+03:00","message":"cannot marshal daemon message"}
{"level":"info","time":"2023-11-05T10:01:40+03:00"}
{"level":"warn","time":"2023-11-05T10:01:46+03:00","message":"cannot marshal daemon message"}
{"level":"info","time":"2023-11-05T10:01:46+03:00"}
{"level":"warn","time":"2023-11-05T10:01:51+03:00","message":"cannot marshal daemon message"}
{"level":"info","time":"2023-11-05T10:01:51+03:00"}
{"level":"warn","time":"2023-11-05T10:01:56+03:00","message":"cannot marshal daemon message"}
{"level":"info","time":"2023-11-05T10:01:56+03:00"}
{"level":"warn","time":"2023-11-05T10:02:01+03:00","message":"cannot marshal daemon message"}
{"level":"info","time":"2023-11-05T10:02:01+03:00"}
{"level":"warn","time":"2023-11-05T10:02:07+03:00","message":"cannot marshal daemon message"}
{"level":"info","time":"2023-11-05T10:02:07+03:00"}
{"level":"warn","time":"2023-11-05T10:02:12+03:00","message":"cannot marshal daemon message"}
{"level":"info","time":"2023-11-05T10:02:12+03:00"}
{"level":"warn","time":"2023-11-05T10:02:17+03:00","message":"cannot marshal daemon message"}
{"level":"info","time":"2023-11-05T10:02:17+03:00"}
{"level":"warn","time":"2023-11-05T10:02:23+03:00","message":"cannot marshal daemon message"}
{"level":"info","time":"2023-11-05T10:02:23+03:00"}
{"level":"warn","time":"2023-11-05T10:02:28+03:00","message":"cannot marshal daemon message"}
{"level":"info","time":"2023-11-05T10:02:28+03:00"}
{"level":"warn","time":"2023-11-05T10:02:33+03:00","message":"cannot marshal daemon message"}
{"level":"info","time":"2023-11-05T10:02:33+03:00"}
{"level":"warn","time":"2023-11-05T10:02:38+03:00","message":"cannot marshal daemon message"}
{"level":"info","time":"2023-11-05T10:02:38+03:00"}
{"level":"warn","time":"2023-11-05T10:02:44+03:00","message":"cannot marshal daemon message"}
{"level":"info","time":"2023-11-05T10:02:44+03:00"}
{"level":"warn","time":"2023-11-05T10:02:49+03:00","message":"cannot marshal daemon message"}
{"level":"info","time":"2023-11-05T10:02:49+03:00"}
{"level":"warn","time":"2023-11-05T10:02:54+03:00","message":"cannot marshal daemon message"}
{"level":"info","time":"2023-11-05T10:02:54+03:00"}
{"level":"warn","time":"2023-11-05T10:03:00+03:00","message":"cannot marshal daemon message"}
{"level":"info","time":"2023-11-05T10:03:00+03:00"}
{"level":"warn","time":"2023-11-05T10:03:05+03:00","message":"cannot marshal daemon message"}
{"level":"info","time":"2023-11-05T10:03:05+03:00"}
{"level":"warn","time":"2023-11-05T10:03:10+03:00","message":"cannot marshal daemon message"}
{"level":"info","time":"2023-11-05T10:03:10+03:00"}
{"level":"warn","time":"2023-11-05T10:03:15+03:00","message":"cannot marshal daemon message"}
{"level":"info","time":"2023-11-05T10:03:15+03:00"}
{"level":"warn","time":"2023-11-05T10:03:21+03:00","message":"cannot marshal daemon message"}
{"level":"info","time":"2023-11-05T10:03:21+03:00"}
{"level":"warn","time":"2023-11-05T10:03:26+03:00","message":"cannot marshal daemon message"}
{"level":"info","time":"2023-11-05T10:03:26+03:00"}
{"level":"warn","time":"2023-11-05T10:03:31+03:00","message":"cannot marshal daemon message"}
{"level":"info","time":"2023-11-05T10:03:31+03:00"}
{"level":"warn","time":"2023-11-05T10:03:37+03:00","message":"cannot marshal daemon message"}
{"level":"info","time":"2023-11-05T10:03:37+03:00"}
{"level":"warn","time":"2023-11-05T10:03:42+03:00","message":"cannot marshal daemon message"}
{"level":"info","time":"2023-11-05T10:03:42+03:00"}
{"level":"warn","time":"2023-11-05T10:03:48+03:00","message":"cannot marshal daemon message"}
{"level":"info","time":"2023-11-05T10:03:48+03:00"}
{"level":"warn","time":"2023-11-05T10:03:53+03:00","message":"cannot marshal daemon message"}
{"level":"info","time":"2023-11-05T10:03:53+03:00"}
{"level":"warn","time":"2023-11-05T10:03:59+03:00","message":"cannot marshal daemon message"}
{"level":"info","time":"2023-11-05T10:03:59+03:00"}
{"level":"debug","time":"2023-11-05T10:04:04+03:00","message":"Send allert with message: Session with pid=5097 is connected more than 15 minutes"}
{"level":"warn","time":"2023-11-05T10:04:04+03:00","message":"cannot marshal daemon message"}
{"level":"info","time":"2023-11-05T10:04:04+03:00"}
{"level":"warn","time":"2023-11-05T10:04:10+03:00","message":"cannot marshal daemon message"}
{"level":"info","time":"2023-11-05T10:04:10+03:00"}
{"level":"warn","time":"2023-11-05T10:04:16+03:00","message":"cannot marshal daemon message"}
{"level":"info","time":"2023-11-05T10:04:16+03:00"}
{"level":"warn","time":"2023-11-05T10:04:21+03:00","message":"cannot marshal daemon message"}
{"level":"info","time":"2023-11-05T10:04:21+03:00"}
{"level":"warn","time":"2023-11-05T10:04:26+03:00","message":"cannot marshal daemon message"}
{"level":"info","time":"2023-11-05T10:04:26+03:00"}
{"level":"warn","time":"2023-11-05T10:04:31+03:00","message":"cannot marshal daemon message"}
{"level":"info","time":"2023-11-05T10:04:31+03:00"}
{"level":"warn","time":"2023-11-05T10:04:37+03:00","message":"cannot marshal daemon message"}
{"level":"info","time":"2023-11-05T10:04:37+03:00"}
{"level":"warn","time":"2023-11-05T10:04:42+03:00","message":"cannot marshal daemon message"}
{"level":"info","time":"2023-11-05T10:04:42+03:00"}
{"level":"warn","time":"2023-11-05T10:04:47+03:00","message":"cannot marshal daemon message"}
{"level":"info","time":"2023-11-05T10:04:47+03:00"}
{"level":"warn","time":"2023-11-05T10:04:52+03:00","message":"cannot marshal daemon message"}
{"level":"info","time":"2023-11-05T10:04:52+03:00"}
{"level":"warn","time":"2023-11-05T10:04:58+03:00","message":"cannot marshal daemon message"}
{"level":"info","time":"2023-11-05T10:04:58+03:00"}
{"level":"warn","time":"2023-11-05T10:05:03+03:00","message":"cannot marshal daemon message"}
{"level":"info","time":"2023-11-05T10:05:03+03:00"}
{"level":"warn","time":"2023-11-05T10:05:08+03:00","message":"cannot marshal daemon message"}
{"level":"info","time":"2023-11-05T10:05:08+03:00"}
{"level":"warn","time":"2023-11-05T10:05:13+03:00","message":"cannot marshal daemon message"}
{"level":"info","time":"2023-11-05T10:05:13+03:00"}
{"level":"warn","time":"2023-11-05T10:05:19+03:00","message":"cannot marshal daemon message"}
{"level":"info","time":"2023-11-05T10:05:19+03:00"}
{"level":"warn","time":"2023-11-05T10:05:25+03:00","message":"cannot marshal daemon message"}
{"level":"info","time":"2023-11-05T10:05:25+03:00"}
{"level":"warn","time":"2023-11-05T10:05:30+03:00","message":"cannot marshal daemon message"}
{"level":"info","time":"2023-11-05T10:05:30+03:00"}
{"level":"warn","time":"2023-11-05T10:05:35+03:00","message":"cannot marshal daemon message"}
{"level":"info","time":"2023-11-05T10:05:35+03:00"}
{"level":"warn","time":"2023-11-05T10:05:41+03:00","message":"cannot marshal daemon message"}
{"level":"info","time":"2023-11-05T10:05:41+03:00"}
{"level":"warn","time":"2023-11-05T10:05:46+03:00","message":"cannot marshal daemon message"}
{"level":"info","time":"2023-11-05T10:05:46+03:00"}
{"level":"warn","time":"2023-11-05T10:05:51+03:00","message":"cannot marshal daemon message"}
{"level":"info","time":"2023-11-05T10:05:51+03:00"}
{"level":"warn","time":"2023-11-05T10:05:56+03:00","message":"cannot marshal daemon message"}
{"level":"info","time":"2023-11-05T10:05:56+03:00"}
{"level":"warn","time":"2023-11-05T10:06:02+03:00","message":"cannot marshal daemon message"}
{"level":"info","time":"2023-11-05T10:06:02+03:00"}
{"level":"warn","time":"2023-11-05T10:06:07+03:00","message":"cannot marshal daemon message"}
{"level":"info","time":"2023-11-05T10:06:07+03:00"}
{"level":"warn","time":"2023-11-05T10:06:12+03:00","message":"cannot marshal daemon message"}
{"level":"info","time":"2023-11-05T10:06:12+03:00"}
{"level":"warn","time":"2023-11-05T10:06:18+03:00","message":"cannot marshal daemon message"}
{"level":"info","time":"2023-11-05T10:06:18+03:00"}
{"level":"warn","time":"2023-11-05T10:06:23+03:00","message":"cannot marshal daemon message"}
{"level":"info","time":"2023-11-05T10:06:23+03:00"}
{"level":"warn","time":"2023-11-05T10:06:29+03:00","message":"cannot marshal daemon message"}
{"level":"info","time":"2023-11-05T10:06:29+03:00"}
{"level":"warn","time":"2023-11-05T10:06:34+03:00","message":"cannot marshal daemon message"}
{"level":"info","time":"2023-11-05T10:06:34+03:00"}
{"level":"warn","time":"2023-11-05T10:06:39+03:00","message":"cannot marshal daemon message"}
{"level":"info","time":"2023-11-05T10:06:39+03:00"}
{"level":"warn","time":"2023-11-05T10:06:44+03:00","message":"cannot marshal daemon message"}
{"level":"info","time":"2023-11-05T10:06:44+03:00"}
{"level":"warn","time":"2023-11-05T10:06:50+03:00","message":"cannot marshal daemon message"}
{"level":"info","time":"2023-11-05T10:06:50+03:00"}
{"level":"warn","time":"2023-11-05T10:06:55+03:00","message":"cannot marshal daemon message"}
{"level":"info","time":"2023-11-05T10:06:55+03:00"}
{"level":"warn","time":"2023-11-05T10:07:01+03:00","message":"cannot marshal daemon message"}
{"level":"info","time":"2023-11-05T10:07:01+03:00"}
{"level":"warn","time":"2023-11-05T10:07:06+03:00","message":"cannot marshal daemon message"}
{"level":"info","time":"2023-11-05T10:07:06+03:00"}
{"level":"warn","time":"2023-11-05T10:07:11+03:00","message":"cannot marshal daemon message"}
{"level":"info","time":"2023-11-05T10:07:11+03:00"}
{"level":"warn","time":"2023-11-05T10:07:17+03:00","message":"cannot marshal daemon message"}
{"level":"info","time":"2023-11-05T10:07:17+03:00"}
{"level":"warn","time":"2023-11-05T10:07:22+03:00","message":"cannot marshal daemon message"}
{"level":"info","time":"2023-11-05T10:07:22+03:00"}
{"level":"warn","time":"2023-11-05T10:07:27+03:00","message":"cannot marshal daemon message"}
{"level":"info","time":"2023-11-05T10:07:27+03:00"}
{"level":"warn","time":"2023-11-05T10:07:32+03:00","message":"cannot marshal daemon message"}
{"level":"info","time":"2023-11-05T10:07:32+03:00"}
{"level":"warn","time":"2023-11-05T10:07:38+03:00","message":"cannot marshal daemon message"}
{"level":"info","time":"2023-11-05T10:07:38+03:00"}
{"level":"warn","time":"2023-11-05T10:07:43+03:00","message":"cannot marshal daemon message"}
{"level":"info","time":"2023-11-05T10:07:43+03:00"}
{"level":"warn","time":"2023-11-05T10:07:48+03:00","message":"cannot marshal daemon message"}
{"level":"info","time":"2023-11-05T10:07:48+03:00"}
{"level":"warn","time":"2023-11-05T10:07:53+03:00","message":"cannot marshal daemon message"}
{"level":"info","time":"2023-11-05T10:07:53+03:00"}
{"level":"warn","time":"2023-11-05T10:07:59+03:00","message":"cannot marshal daemon message"}
{"level":"info","time":"2023-11-05T10:07:59+03:00"}
{"level":"warn","time":"2023-11-05T10:08:04+03:00","message":"cannot marshal daemon message"}
{"level":"info","time":"2023-11-05T10:08:04+03:00"}
{"level":"warn","time":"2023-11-05T10:08:09+03:00","message":"cannot marshal daemon message"}
{"level":"info","time":"2023-11-05T10:08:09+03:00"}
{"level":"warn","time":"2023-11-05T10:08:14+03:00","message":"cannot marshal daemon message"}
{"level":"info","time":"2023-11-05T10:08:14+03:00"}
{"level":"warn","time":"2023-11-05T10:08:19+03:00","message":"cannot marshal daemon message"}
{"level":"info","time":"2023-11-05T10:08:19+03:00"}
{"level":"warn","time":"2023-11-05T10:08:25+03:00","message":"cannot marshal daemon message"}
{"level":"info","time":"2023-11-05T10:08:25+03:00"}
{"level":"warn","time":"2023-11-05T10:08:30+03:00","message":"cannot marshal daemon message"}
{"level":"info","time":"2023-11-05T10:08:30+03:00"}
{"level":"warn","time":"2023-11-05T10:08:35+03:00","message":"cannot marshal daemon message"}
{"level":"info","time":"2023-11-05T10:08:35+03:00"}
{"level":"warn","time":"2023-11-05T10:08:40+03:00","message":"cannot marshal daemon message"}
{"level":"info","time":"2023-11-05T10:08:40+03:00"}
{"level":"warn","time":"2023-11-05T10:08:46+03:00","message":"cannot marshal daemon message"}
{"level":"info","time":"2023-11-05T10:08:46+03:00"}
{"level":"warn","time":"2023-11-05T10:08:51+03:00","message":"cannot marshal daemon message"}
{"level":"info","time":"2023-11-05T10:08:51+03:00"}
{"level":"warn","time":"2023-11-05T10:08:56+03:00","message":"cannot marshal daemon message"}
{"level":"info","time":"2023-11-05T10:08:56+03:00"}
{"level":"warn","time":"2023-11-05T10:09:02+03:00","message":"cannot marshal daemon message"}
{"level":"info","time":"2023-11-05T10:09:02+03:00"}
{"level":"warn","time":"2023-11-05T10:09:07+03:00","message":"cannot marshal daemon message"}
{"level":"info","time":"2023-11-05T10:09:07+03:00"}
{"level":"warn","time":"2023-11-05T10:09:12+03:00","message":"cannot marshal daemon message"}
{"level":"info","time":"2023-11-05T10:09:12+03:00"}
{"level":"warn","time":"2023-11-05T10:09:18+03:00","message":"cannot marshal daemon message"}
{"level":"info","time":"2023-11-05T10:09:18+03:00"}
{"level":"warn","time":"2023-11-05T10:09:23+03:00","message":"cannot marshal daemon message"}
{"level":"info","time":"2023-11-05T10:09:23+03:00"}
{"level":"warn","time":"2023-11-05T10:09:28+03:00","message":"cannot marshal daemon message"}
{"level":"info","time":"2023-11-05T10:09:28+03:00"}
{"level":"warn","time":"2023-11-05T10:09:33+03:00","message":"cannot marshal daemon message"}
{"level":"info","time":"2023-11-05T10:09:33+03:00"}
{"level":"warn","time":"2023-11-05T10:09:38+03:00","message":"cannot marshal daemon message"}
{"level":"info","time":"2023-11-05T10:09:38+03:00"}
{"level":"warn","time":"2023-11-05T10:09:44+03:00","message":"cannot marshal daemon message"}
{"level":"info","time":"2023-11-05T10:09:44+03:00"}
{"level":"warn","time":"2023-11-05T10:09:49+03:00","message":"cannot marshal daemon message"}
{"level":"info","time":"2023-11-05T10:09:49+03:00"}
{"level":"warn","time":"2023-11-05T10:09:54+03:00","message":"cannot marshal daemon message"}
{"level":"info","time":"2023-11-05T10:09:54+03:00"}
{"level":"warn","time":"2023-11-05T10:09:59+03:00","message":"cannot marshal daemon message"}
{"level":"info","time":"2023-11-05T10:09:59+03:00"}
{"level":"warn","time":"2023-11-05T10:10:05+03:00","message":"cannot marshal daemon message"}
{"level":"info","time":"2023-11-05T10:10:05+03:00"}
{"level":"warn","time":"2023-11-05T10:10:10+03:00","message":"cannot marshal daemon message"}
{"level":"info","time":"2023-11-05T10:10:10+03:00"}
{"level":"warn","time":"2023-11-05T10:10:15+03:00","message":"cannot marshal daemon message"}
{"level":"info","time":"2023-11-05T10:10:15+03:00"}
{"level":"warn","time":"2023-11-05T10:10:20+03:00","message":"cannot marshal daemon message"}
{"level":"info","time":"2023-11-05T10:10:20+03:00"}
{"level":"warn","time":"2023-11-05T10:10:26+03:00","message":"cannot marshal daemon message"}
{"level":"info","time":"2023-11-05T10:10:26+03:00"}
{"level":"warn","time":"2023-11-05T10:10:31+03:00","message":"cannot marshal daemon message"}
{"level":"info","time":"2023-11-05T10:10:31+03:00"}
{"level":"warn","time":"2023-11-05T10:10:36+03:00","message":"cannot marshal daemon message"}
{"level":"info","time":"2023-11-05T10:10:36+03:00"}
{"level":"warn","time":"2023-11-05T10:10:42+03:00","message":"cannot marshal daemon message"}
{"level":"info","time":"2023-11-05T10:10:42+03:00"}
{"level":"warn","time":"2023-11-05T10:10:47+03:00","message":"cannot marshal daemon message"}
{"level":"info","time":"2023-11-05T10:10:47+03:00"}
{"level":"warn","time":"2023-11-05T10:10:52+03:00","message":"cannot marshal daemon message"}
{"level":"info","time":"2023-11-05T10:10:52+03:00"}
{"level":"warn","time":"2023-11-05T10:10:58+03:00","message":"cannot marshal daemon message"}
{"level":"info","time":"2023-11-05T10:10:58+03:00"}
{"level":"warn","time":"2023-11-05T10:11:03+03:00","message":"cannot marshal daemon message"}
{"level":"info","time":"2023-11-05T10:11:03+03:00"}
{"level":"warn","time":"2023-11-05T10:11:08+03:00","message":"cannot marshal daemon message"}
{"level":"info","time":"2023-11-05T10:11:08+03:00"}
{"level":"warn","time":"2023-11-05T10:11:14+03:00","message":"cannot marshal daemon message"}
{"level":"info","time":"2023-11-05T10:11:14+03:00"}
{"level":"warn","time":"2023-11-05T10:11:19+03:00","message":"cannot marshal daemon message"}
{"level":"info","time":"2023-11-05T10:11:19+03:00"}
{"level":"warn","time":"2023-11-05T10:11:24+03:00","message":"cannot marshal daemon message"}
{"level":"info","time":"2023-11-05T10:11:24+03:00"}
{"level":"warn","time":"2023-11-05T10:11:30+03:00","message":"cannot marshal daemon message"}
{"level":"info","time":"2023-11-05T10:11:30+03:00"}
{"level":"warn","time":"2023-11-05T10:11:35+03:00","message":"cannot marshal daemon message"}
{"level":"info","time":"2023-11-05T10:11:35+03:00"}
{"level":"warn","time":"2023-11-05T10:11:41+03:00","message":"cannot marshal daemon message"}
{"level":"info","time":"2023-11-05T10:11:41+03:00"}
{"level":"warn","time":"2023-11-05T10:11:46+03:00","message":"cannot marshal daemon message"}
{"level":"info","time":"2023-11-05T10:11:46+03:00"}
{"level":"warn","time":"2023-11-05T10:11:52+03:00","message":"cannot marshal daemon message"}
{"level":"info","time":"2023-11-05T10:11:52+03:00"}
{"level":"warn","time":"2023-11-05T10:11:57+03:00","message":"cannot marshal daemon message"}
{"level":"info","time":"2023-11-05T10:11:57+03:00"}
{"level":"warn","time":"2023-11-05T10:12:02+03:00","message":"cannot marshal daemon message"}
{"level":"info","time":"2023-11-05T10:12:02+03:00"}
{"level":"warn","time":"2023-11-05T10:12:08+03:00","message":"cannot marshal daemon message"}
{"level":"info","time":"2023-11-05T10:12:08+03:00"}
{"level":"warn","time":"2023-11-05T10:12:13+03:00","message":"cannot marshal daemon message"}
{"level":"info","time":"2023-11-05T10:12:13+03:00"}
{"level":"warn","time":"2023-11-05T10:12:18+03:00","message":"cannot marshal daemon message"}
{"level":"info","time":"2023-11-05T10:12:18+03:00"}
{"level":"warn","time":"2023-11-05T10:12:24+03:00","message":"cannot marshal daemon message"}
{"level":"info","time":"2023-11-05T10:12:24+03:00"}
{"level":"warn","time":"2023-11-05T10:12:29+03:00","message":"cannot marshal daemon message"}
{"level":"info","time":"2023-11-05T10:12:29+03:00"}
{"level":"warn","time":"2023-11-05T10:12:34+03:00","message":"cannot marshal daemon message"}
{"level":"info","time":"2023-11-05T10:12:34+03:00"}
{"level":"warn","time":"2023-11-05T10:12:39+03:00","message":"cannot marshal daemon message"}
{"level":"info","time":"2023-11-05T10:12:39+03:00"}
{"level":"warn","time":"2023-11-05T10:12:45+03:00","message":"cannot marshal daemon message"}
{"level":"info","time":"2023-11-05T10:12:45+03:00"}
{"level":"warn","time":"2023-11-05T10:12:50+03:00","message":"cannot marshal daemon message"}
{"level":"info","time":"2023-11-05T10:12:50+03:00"}
{"level":"warn","time":"2023-11-05T10:12:56+03:00","message":"cannot marshal daemon message"}
{"level":"info","time":"2023-11-05T10:12:56+03:00"}
{"level":"warn","time":"2023-11-05T10:13:01+03:00","message":"cannot marshal daemon message"}
{"level":"info","time":"2023-11-05T10:13:01+03:00"}
{"level":"warn","time":"2023-11-05T10:13:07+03:00","message":"cannot marshal daemon message"}
{"level":"info","time":"2023-11-05T10:13:07+03:00"}
{"level":"warn","time":"2023-11-05T10:13:12+03:00","message":"cannot marshal daemon message"}
{"level":"info","time":"2023-11-05T10:13:12+03:00"}
{"level":"warn","time":"2023-11-05T10:13:18+03:00","message":"cannot marshal daemon message"}
{"level":"info","time":"2023-11-05T10:13:18+03:00"}
{"level":"warn","time":"2023-11-05T10:13:23+03:00","message":"cannot marshal daemon message"}
{"level":"info","time":"2023-11-05T10:13:23+03:00"}
{"level":"warn","time":"2023-11-05T10:13:28+03:00","message":"cannot marshal daemon message"}
{"level":"info","time":"2023-11-05T10:13:28+03:00"}
{"level":"warn","time":"2023-11-05T10:13:33+03:00","message":"cannot marshal daemon message"}
{"level":"info","time":"2023-11-05T10:13:33+03:00"}
{"level":"warn","time":"2023-11-05T10:13:39+03:00","message":"cannot marshal daemon message"}
{"level":"info","time":"2023-11-05T10:13:39+03:00"}
{"level":"warn","time":"2023-11-05T10:13:44+03:00","message":"cannot marshal daemon message"}
{"level":"info","time":"2023-11-05T10:13:44+03:00"}
{"level":"warn","time":"2023-11-05T10:13:50+03:00","message":"cannot marshal daemon message"}
{"level":"info","time":"2023-11-05T10:13:50+03:00"}
{"level":"warn","time":"2023-11-05T10:13:56+03:00","message":"cannot marshal daemon message"}
{"level":"info","time":"2023-11-05T10:13:56+03:00"}
{"level":"warn","time":"2023-11-05T10:14:01+03:00","message":"cannot marshal daemon message"}
{"level":"info","time":"2023-11-05T10:14:01+03:00"}
{"level":"warn","time":"2023-11-05T10:14:06+03:00","message":"cannot marshal daemon message"}
{"level":"info","time":"2023-11-05T10:14:06+03:00"}
{"level":"warn","time":"2023-11-05T10:14:12+03:00","message":"cannot marshal daemon message"}
{"level":"info","time":"2023-11-05T10:14:12+03:00"}
{"level":"warn","time":"2023-11-05T10:14:17+03:00","message":"cannot marshal daemon message"}
{"level":"info","time":"2023-11-05T10:14:17+03:00"}
{"level":"warn","time":"2023-11-05T10:14:22+03:00","message":"cannot marshal daemon message"}
{"level":"info","time":"2023-11-05T10:14:22+03:00"}
{"level":"warn","time":"2023-11-05T10:14:28+03:00","message":"cannot marshal daemon message"}
{"level":"info","time":"2023-11-05T10:14:28+03:00"}
{"level":"warn","time":"2023-11-05T10:14:33+03:00","message":"cannot marshal daemon message"}
{"level":"info","time":"2023-11-05T10:14:33+03:00"}
{"level":"warn","time":"2023-11-05T10:14:38+03:00","message":"cannot marshal daemon message"}
{"level":"info","time":"2023-11-05T10:14:38+03:00"}
{"level":"warn","time":"2023-11-05T10:14:43+03:00","message":"cannot marshal daemon message"}
{"level":"info","time":"2023-11-05T10:14:43+03:00"}
{"level":"warn","time":"2023-11-05T10:14:48+03:00","message":"cannot marshal daemon message"}
{"level":"info","time":"2023-11-05T10:14:48+03:00"}
{"level":"warn","time":"2023-11-05T10:14:54+03:00","message":"cannot marshal daemon message"}
{"level":"info","time":"2023-11-05T10:14:54+03:00"}
{"level":"warn","time":"2023-11-05T10:14:59+03:00","message":"cannot marshal daemon message"}
{"level":"info","time":"2023-11-05T10:14:59+03:00"}
{"level":"warn","time":"2023-11-05T10:15:04+03:00","message":"cannot marshal daemon message"}
{"level":"info","time":"2023-11-05T10:15:04+03:00"}
{"level":"warn","time":"2023-11-05T10:15:10+03:00","message":"cannot marshal daemon message"}
{"level":"info","time":"2023-11-05T10:15:10+03:00"}
{"level":"warn","time":"2023-11-05T10:15:15+03:00","message":"cannot marshal daemon message"}
{"level":"info","time":"2023-11-05T10:15:15+03:00"}
{"level":"warn","time":"2023-11-05T10:15:20+03:00","message":"cannot marshal daemon message"}
{"level":"info","time":"2023-11-05T10:15:20+03:00"}
{"level":"warn","time":"2023-11-05T10:15:26+03:00","message":"cannot marshal daemon message"}
{"level":"info","time":"2023-11-05T10:15:26+03:00"}
{"level":"warn","time":"2023-11-05T10:15:31+03:00","message":"cannot marshal daemon message"}
{"level":"info","time":"2023-11-05T10:15:31+03:00"}
{"level":"warn","time":"2023-11-05T10:15:36+03:00","message":"cannot marshal daemon message"}
{"level":"info","time":"2023-11-05T10:15:36+03:00"}
{"level":"warn","time":"2023-11-05T10:15:41+03:00","message":"cannot marshal daemon message"}
{"level":"info","time":"2023-11-05T10:15:41+03:00"}
{"level":"warn","time":"2023-11-05T10:15:47+03:00","message":"cannot marshal daemon message"}
{"level":"info","time":"2023-11-05T10:15:47+03:00"}
{"level":"warn","time":"2023-11-05T10:15:52+03:00","message":"cannot marshal daemon message"}
{"level":"info","time":"2023-11-05T10:15:52+03:00"}
{"level":"warn","time":"2023-11-05T10:15:57+03:00","message":"cannot marshal daemon message"}
{"level":"info","time":"2023-11-05T10:15:57+03:00"}
{"level":"warn","time":"2023-11-05T10:16:02+03:00","message":"cannot marshal daemon message"}
{"level":"info","time":"2023-11-05T10:16:02+03:00"}
{"level":"warn","time":"2023-11-05T10:16:07+03:00","message":"cannot marshal daemon message"}
{"level":"info","time":"2023-11-05T10:16:07+03:00"}
{"level":"warn","time":"2023-11-05T10:16:13+03:00","message":"cannot marshal daemon message"}
{"level":"info","time":"2023-11-05T10:16:13+03:00"}
{"level":"warn","time":"2023-11-05T10:16:18+03:00","message":"cannot marshal daemon message"}
{"level":"info","time":"2023-11-05T10:16:18+03:00"}
{"level":"warn","time":"2023-11-05T10:16:23+03:00","message":"cannot marshal daemon message"}
{"level":"info","time":"2023-11-05T10:16:23+03:00"}
{"level":"warn","time":"2023-11-05T10:16:28+03:00","message":"cannot marshal daemon message"}
{"level":"info","time":"2023-11-05T10:16:28+03:00"}
{"level":"warn","time":"2023-11-05T10:16:34+03:00","message":"cannot marshal daemon message"}
{"level":"info","time":"2023-11-05T10:16:34+03:00"}
{"level":"warn","time":"2023-11-05T10:16:39+03:00","message":"cannot marshal daemon message"}
{"level":"info","time":"2023-11-05T10:16:39+03:00"}
{"level":"warn","time":"2023-11-05T10:16:44+03:00","message":"cannot marshal daemon message"}
{"level":"info","time":"2023-11-05T10:16:44+03:00"}
{"level":"warn","time":"2023-11-05T10:16:49+03:00","message":"cannot marshal daemon message"}
{"level":"info","time":"2023-11-05T10:16:49+03:00"}
{"level":"warn","time":"2023-11-05T10:16:55+03:00","message":"cannot marshal daemon message"}
{"level":"info","time":"2023-11-05T10:16:55+03:00"}
{"level":"warn","time":"2023-11-05T10:17:00+03:00","message":"cannot marshal daemon message"}
{"level":"info","time":"2023-11-05T10:17:00+03:00"}
{"level":"warn","time":"2023-11-05T10:17:05+03:00","message":"cannot marshal daemon message"}
{"level":"info","time":"2023-11-05T10:17:05+03:00"}
{"level":"warn","time":"2023-11-05T10:17:10+03:00","message":"cannot marshal daemon message"}
{"level":"info","time":"2023-11-05T10:17:10+03:00"}
{"level":"warn","time":"2023-11-05T10:17:16+03:00","message":"cannot marshal daemon message"}
{"level":"info","time":"2023-11-05T10:17:16+03:00"}
{"level":"warn","time":"2023-11-05T10:17:21+03:00","message":"cannot marshal daemon message"}
{"level":"info","time":"2023-11-05T10:17:21+03:00"}
{"level":"warn","time":"2023-11-05T10:17:26+03:00","message":"cannot marshal daemon message"}
{"level":"info","time":"2023-11-05T10:17:26+03:00"}
{"level":"warn","time":"2023-11-05T10:17:31+03:00","message":"cannot marshal daemon message"}
{"level":"info","time":"2023-11-05T10:17:31+03:00"}
{"level":"warn","time":"2023-11-05T10:17:37+03:00","message":"cannot marshal daemon message"}
{"level":"info","time":"2023-11-05T10:17:37+03:00"}
{"level":"warn","time":"2023-11-05T10:17:42+03:00","message":"cannot marshal daemon message"}
{"level":"info","time":"2023-11-05T10:17:42+03:00"}
{"level":"warn","time":"2023-11-05T10:17:47+03:00","message":"cannot marshal daemon message"}
{"level":"info","time":"2023-11-05T10:17:47+03:00"}
{"level":"warn","time":"2023-11-05T10:17:53+03:00","message":"cannot marshal daemon message"}
{"level":"info","time":"2023-11-05T10:17:53+03:00"}
{"level":"warn","time":"2023-11-05T10:17:58+03:00","message":"cannot marshal daemon message"}
{"level":"info","time":"2023-11-05T10:17:58+03:00"}
{"level":"warn","time":"2023-11-05T10:18:03+03:00","message":"cannot marshal daemon message"}
{"level":"info","time":"2023-11-05T10:18:03+03:00"}
{"level":"warn","time":"2023-11-05T10:18:09+03:00","message":"cannot marshal daemon message"}
{"level":"info","time":"2023-11-05T10:18:09+03:00"}
{"level":"warn","time":"2023-11-05T10:18:14+03:00","message":"cannot marshal daemon message"}
{"level":"info","time":"2023-11-05T10:18:14+03:00"}
{"level":"warn","time":"2023-11-05T10:18:19+03:00","message":"cannot marshal daemon message"}
{"level":"info","time":"2023-11-05T10:18:19+03:00"}
{"level":"warn","time":"2023-11-05T10:18:24+03:00","message":"cannot marshal daemon message"}
{"level":"info","time":"2023-11-05T10:18:24+03:00"}
{"level":"warn","time":"2023-11-05T10:18:30+03:00","message":"cannot marshal daemon message"}
{"level":"info","time":"2023-11-05T10:18:30+03:00"}
{"level":"warn","time":"2023-11-05T10:18:35+03:00","message":"cannot marshal daemon message"}
{"level":"info","time":"2023-11-05T10:18:35+03:00"}
{"level":"warn","time":"2023-11-05T10:18:40+03:00","message":"cannot marshal daemon message"}
{"level":"info","time":"2023-11-05T10:18:40+03:00"}
{"level":"warn","time":"2023-11-05T10:18:45+03:00","message":"cannot marshal daemon message"}
{"level":"info","time":"2023-11-05T10:18:45+03:00"}
{"level":"warn","time":"2023-11-05T10:18:51+03:00","message":"cannot marshal daemon message"}
{"level":"info","time":"2023-11-05T10:18:51+03:00"}
